<?xml version="1.0" encoding="UTF-8"?>
<testsuite xmlns:xsi="http://www.w3.org/2001/XMLSchema-instance" xsi:noNamespaceSchemaLocation="https://maven.apache.org/surefire/maven-surefire-plugin/xsd/surefire-test-report.xsd" name="ws18.CucumberTest" time="0.781" tests="4" errors="0" skipped="1" failures="1">
  <properties>
[...]
</properties>
  <testcase name="User requests registry" classname="ws18.CucumberTest" time="0.46"/>
  <testcase name="User request tokens" classname="ws18.CucumberTest" time="0.102"/>
  <testcase name="Money transfer" classname="ws18.CucumberTest" time="0">
    <skipped message="TODO: implement me" type="cucumber.api.PendingException">cucumber.api.PendingException: TODO: implement me
</skipped>
    <system-out><![CDATA[19:18:04.113 [main] DEBUG org.apache.http.client.protocol.RequestAddCookies - CookieSpec selected: default
19:18:04.113 [main] DEBUG org.apache.http.client.protocol.RequestAuthCache - Auth cache not set in the context
19:18:04.114 [main] DEBUG org.apache.http.impl.conn.PoolingHttpClientConnectionManager - Connection request: [route: {}->http://fastmoney-18.compute.dtu.dk:8082][total kept alive: 1; route allocated: 1 of 20; total allocated: 1 of 200]
19:18:04.114 [main] DEBUG org.apache.http.impl.conn.PoolingHttpClientConnectionManager - Connection leased: [id: 1][route: {}->http://fastmoney-18.compute.dtu.dk:8082][total kept alive: 0; route allocated: 1 of 20; total allocated: 1 of 200]
19:18:04.114 [main] DEBUG org.apache.http.impl.conn.DefaultManagedHttpClientConnection - http-outgoing-1: set socket timeout to 0
19:18:04.114 [main] DEBUG org.apache.http.impl.conn.DefaultManagedHttpClientConnection - http-outgoing-1: set socket timeout to 60000
19:18:04.114 [main] DEBUG org.apache.http.impl.execchain.MainClientExec - Executing request POST /tokens/test28100962742994398 HTTP/1.1
19:18:04.114 [main] DEBUG org.apache.http.impl.execchain.MainClientExec - Target auth state: UNCHALLENGED
19:18:04.114 [main] DEBUG org.apache.http.impl.execchain.MainClientExec - Proxy auth state: UNCHALLENGED
19:18:04.114 [main] DEBUG org.apache.http.headers - http-outgoing-1 >> POST /tokens/test28100962742994398 HTTP/1.1
19:18:04.114 [main] DEBUG org.apache.http.headers - http-outgoing-1 >> Content-Type: application/json
19:18:04.114 [main] DEBUG org.apache.http.headers - http-outgoing-1 >> user-agent: unirest-java/3.1.00
19:18:04.115 [main] DEBUG org.apache.http.headers - http-outgoing-1 >> accept-encoding: gzip
19:18:04.115 [main] DEBUG org.apache.http.headers - http-outgoing-1 >> Content-Length: 0
19:18:04.115 [main] DEBUG org.apache.http.headers - http-outgoing-1 >> Host: fastmoney-18.compute.dtu.dk:8082
19:18:04.115 [main] DEBUG org.apache.http.headers - http-outgoing-1 >> Connection: Keep-Alive
19:18:04.115 [main] DEBUG org.apache.http.wire - http-outgoing-1 >> "POST /tokens/test28100962742994398 HTTP/1.1[\r][\n]"
19:18:04.115 [main] DEBUG org.apache.http.wire - http-outgoing-1 >> "Content-Type: application/json[\r][\n]"
19:18:04.115 [main] DEBUG org.apache.http.wire - http-outgoing-1 >> "user-agent: unirest-java/3.1.00[\r][\n]"
19:18:04.115 [main] DEBUG org.apache.http.wire - http-outgoing-1 >> "accept-encoding: gzip[\r][\n]"
19:18:04.115 [main] DEBUG org.apache.http.wire - http-outgoing-1 >> "Content-Length: 0[\r][\n]"
19:18:04.115 [main] DEBUG org.apache.http.wire - http-outgoing-1 >> "Host: fastmoney-18.compute.dtu.dk:8082[\r][\n]"
19:18:04.115 [main] DEBUG org.apache.http.wire - http-outgoing-1 >> "Connection: Keep-Alive[\r][\n]"
19:18:04.115 [main] DEBUG org.apache.http.wire - http-outgoing-1 >> "[\r][\n]"
19:18:04.136 [main] DEBUG org.apache.http.wire - http-outgoing-1 << "HTTP/1.1 200 [\r][\n]"
19:18:04.136 [main] DEBUG org.apache.http.wire - http-outgoing-1 << "Content-Type: text/plain;charset=UTF-8[\r][\n]"
19:18:04.136 [main] DEBUG org.apache.http.wire - http-outgoing-1 << "Content-Length: 20[\r][\n]"
19:18:04.136 [main] DEBUG org.apache.http.wire - http-outgoing-1 << "Date: Tue, 21 Jan 2020 18:18:03 GMT[\r][\n]"
19:18:04.136 [main] DEBUG org.apache.http.wire - http-outgoing-1 << "Keep-Alive: timeout=60[\r][\n]"
19:18:04.136 [main] DEBUG org.apache.http.wire - http-outgoing-1 << "Connection: keep-alive[\r][\n]"
19:18:04.136 [main] DEBUG org.apache.http.wire - http-outgoing-1 << "[\r][\n]"
19:18:04.136 [main] DEBUG org.apache.http.wire - http-outgoing-1 << "Tokens is generated."
19:18:04.136 [main] DEBUG org.apache.http.headers - http-outgoing-1 << HTTP/1.1 200 
19:18:04.136 [main] DEBUG org.apache.http.headers - http-outgoing-1 << Content-Type: text/plain;charset=UTF-8
19:18:04.136 [main] DEBUG org.apache.http.headers - http-outgoing-1 << Content-Length: 20
19:18:04.136 [main] DEBUG org.apache.http.headers - http-outgoing-1 << Date: Tue, 21 Jan 2020 18:18:03 GMT
19:18:04.136 [main] DEBUG org.apache.http.headers - http-outgoing-1 << Keep-Alive: timeout=60
19:18:04.136 [main] DEBUG org.apache.http.headers - http-outgoing-1 << Connection: keep-alive
19:18:04.137 [main] DEBUG org.apache.http.impl.execchain.MainClientExec - Connection can be kept alive for 60000 MILLISECONDS
19:18:04.137 [main] DEBUG org.apache.http.impl.conn.PoolingHttpClientConnectionManager - Connection [id: 1][route: {}->http://fastmoney-18.compute.dtu.dk:8082] can be kept alive for 60.0 seconds
19:18:04.137 [main] DEBUG org.apache.http.impl.conn.DefaultManagedHttpClientConnection - http-outgoing-1: set socket timeout to 0
19:18:04.137 [main] DEBUG org.apache.http.impl.conn.PoolingHttpClientConnectionManager - Connection released: [id: 1][route: {}->http://fastmoney-18.compute.dtu.dk:8082][total kept alive: 1; route allocated: 1 of 20; total allocated: 1 of 200]
19:18:04.137 [main] DEBUG org.apache.http.impl.execchain.MainClientExec - Cancelling request execution
]]></system-out>
  </testcase>
  <testcase name="Transaction overview" classname="ws18.CucumberTest" time="0.003">
    <failure message="Multiple Failures (3 failures)&#10;	io.cucumber.junit.UndefinedThrowable: The step &quot;The customer has made at least 1 transaction&quot; is undefined&#10;	io.cucumber.junit.UndefinedThrowable: The step &quot;The customer asks for an overview of his transactions&quot; is undefined&#10;	io.cucumber.junit.UndefinedThrowable: The step &quot;An overview will be shown to the customer&quot; is undefined" type="org.opentest4j.MultipleFailuresError">org.opentest4j.MultipleFailuresError: 
Multiple Failures (3 failures)
	io.cucumber.junit.UndefinedThrowable: The step "The customer has made at least 1 transaction" is undefined
	io.cucumber.junit.UndefinedThrowable: The step "The customer asks for an overview of his transactions" is undefined
	io.cucumber.junit.UndefinedThrowable: The step "An overview will be shown to the customer" is undefined
</failure>
  </testcase>
</testsuite>